<?xml version="1.0" encoding="UTF-8"?>
<testng-results total="1" passed="0" failed="1" skipped="0">
  <reporter-output>
  </reporter-output>
  <suite started-at="2023-04-27T09:30:00Z" name="Default suite" finished-at="2023-04-27T09:30:03Z" duration-ms="3015">
    <groups>
    </groups>
    <test started-at="2023-04-27T09:30:00Z" name="Default test" finished-at="2023-04-27T09:30:03Z" duration-ms="3015">
      <class name="com.danielniko.tutorial.service.UserAccountServiceTest">
        <test-method is-config="true" signature="springTestContextBeforeTestClass()[pri:0, instance:com.danielniko.tutorial.service.UserAccountServiceTest@344561e0]" started-at="2023-04-27T16:30:00Z" name="springTestContextBeforeTestClass" finished-at="2023-04-27T16:30:00Z" duration-ms="11" status="PASS">
          <reporter-output>
          </reporter-output>
        </test-method> <!-- springTestContextBeforeTestClass -->
        <test-method is-config="true" signature="springTestContextPrepareTestInstance()[pri:0, instance:com.danielniko.tutorial.service.UserAccountServiceTest@344561e0]" started-at="2023-04-27T16:30:00Z" name="springTestContextPrepareTestInstance" finished-at="2023-04-27T16:30:03Z" depends-on-methods="org.springframework.test.context.testng.AbstractTestNGSpringContextTests.springTestContextBeforeTestClass" duration-ms="2979" status="PASS">
          <reporter-output>
          </reporter-output>
        </test-method> <!-- springTestContextPrepareTestInstance -->
        <test-method is-config="true" signature="springTestContextBeforeTestMethod(java.lang.reflect.Method)[pri:0, instance:com.danielniko.tutorial.service.UserAccountServiceTest@344561e0]" started-at="2023-04-27T16:30:03Z" name="springTestContextBeforeTestMethod" finished-at="2023-04-27T16:30:03Z" duration-ms="3" status="PASS">
          <params>
            <param index="0">
              <value>
                <![CDATA[public void com.danielniko.tutorial.service.UserAccountServiceTest.getSingleUserByUsername()]]>
              </value>
            </param>
          </params>
          <reporter-output>
          </reporter-output>
        </test-method> <!-- springTestContextBeforeTestMethod -->
        <test-method signature="getSingleUserByUsername()[pri:0, instance:com.danielniko.tutorial.service.UserAccountServiceTest@344561e0]" started-at="2023-04-27T16:30:03Z" name="getSingleUserByUsername" finished-at="2023-04-27T16:30:03Z" duration-ms="8" status="FAIL">
          <exception class="javax.persistence.TransactionRequiredException">
            <message>
              <![CDATA[No EntityManager with actual transaction available for current thread - cannot reliably process 'persist' call]]>
            </message>
            <full-stacktrace>
              <![CDATA[javax.persistence.TransactionRequiredException: No EntityManager with actual transaction available for current thread - cannot reliably process 'persist' call
	at org.springframework.orm.jpa.SharedEntityManagerCreator$SharedEntityManagerInvocationHandler.invoke(SharedEntityManagerCreator.java:299)
	at jdk.proxy2/jdk.proxy2.$Proxy98.persist(Unknown Source)
	at com.danielniko.tutorial.service.UserAccountServiceTest.getSingleUserByUsername(UserAccountServiceTest.java:40)
	at java.base/jdk.internal.reflect.NativeMethodAccessorImpl.invoke0(Native Method)
	at java.base/jdk.internal.reflect.NativeMethodAccessorImpl.invoke(NativeMethodAccessorImpl.java:77)
	at java.base/jdk.internal.reflect.DelegatingMethodAccessorImpl.invoke(DelegatingMethodAccessorImpl.java:43)
	at java.base/java.lang.reflect.Method.invoke(Method.java:568)
	at org.testng.internal.MethodInvocationHelper.invokeMethod(MethodInvocationHelper.java:80)
	at org.testng.internal.MethodInvocationHelper$1.runTestMethod(MethodInvocationHelper.java:182)
	at org.springframework.test.context.testng.AbstractTestNGSpringContextTests.run(AbstractTestNGSpringContextTests.java:186)
	at java.base/jdk.internal.reflect.NativeMethodAccessorImpl.invoke0(Native Method)
	at java.base/jdk.internal.reflect.NativeMethodAccessorImpl.invoke(NativeMethodAccessorImpl.java:77)
	at java.base/jdk.internal.reflect.DelegatingMethodAccessorImpl.invoke(DelegatingMethodAccessorImpl.java:43)
	at java.base/java.lang.reflect.Method.invoke(Method.java:568)
	at org.testng.internal.MethodInvocationHelper.invokeHookable(MethodInvocationHelper.java:194)
	at org.testng.internal.Invoker.invokeMethod(Invoker.java:707)
	at org.testng.internal.Invoker.invokeTestMethod(Invoker.java:901)
	at org.testng.internal.Invoker.invokeTestMethods(Invoker.java:1231)
	at org.testng.internal.TestMethodWorker.invokeTestMethods(TestMethodWorker.java:127)
	at org.testng.internal.TestMethodWorker.run(TestMethodWorker.java:111)
	at org.testng.TestRunner.privateRun(TestRunner.java:767)
	at org.testng.TestRunner.run(TestRunner.java:617)
	at org.testng.SuiteRunner.runTest(SuiteRunner.java:334)
	at org.testng.SuiteRunner.runSequentially(SuiteRunner.java:329)
	at org.testng.SuiteRunner.privateRun(SuiteRunner.java:291)
	at org.testng.SuiteRunner.run(SuiteRunner.java:240)
	at org.testng.SuiteRunnerWorker.runSuite(SuiteRunnerWorker.java:52)
	at org.testng.SuiteRunnerWorker.run(SuiteRunnerWorker.java:86)
	at org.testng.TestNG.runSuitesSequentially(TestNG.java:1198)
	at org.testng.TestNG.runSuitesLocally(TestNG.java:1123)
	at org.testng.TestNG.run(TestNG.java:1031)
	at org.testng.remote.AbstractRemoteTestNG.run(AbstractRemoteTestNG.java:115)
	at org.testng.remote.RemoteTestNG.initAndRun(RemoteTestNG.java:251)
	at org.testng.remote.RemoteTestNG.main(RemoteTestNG.java:77)
]]>
            </full-stacktrace>
          </exception> <!-- javax.persistence.TransactionRequiredException -->
          <reporter-output>
          </reporter-output>
        </test-method> <!-- getSingleUserByUsername -->
        <test-method is-config="true" signature="springTestContextAfterTestMethod(java.lang.reflect.Method)[pri:0, instance:com.danielniko.tutorial.service.UserAccountServiceTest@344561e0]" started-at="2023-04-27T16:30:03Z" name="springTestContextAfterTestMethod" finished-at="2023-04-27T16:30:03Z" duration-ms="1" status="PASS">
          <params>
            <param index="0">
              <value>
                <![CDATA[public void com.danielniko.tutorial.service.UserAccountServiceTest.getSingleUserByUsername()]]>
              </value>
            </param>
          </params>
          <reporter-output>
          </reporter-output>
        </test-method> <!-- springTestContextAfterTestMethod -->
        <test-method is-config="true" signature="springTestContextAfterTestClass()[pri:0, instance:com.danielniko.tutorial.service.UserAccountServiceTest@344561e0]" started-at="2023-04-27T16:30:03Z" name="springTestContextAfterTestClass" finished-at="2023-04-27T16:30:03Z" duration-ms="2" status="PASS">
          <reporter-output>
          </reporter-output>
        </test-method> <!-- springTestContextAfterTestClass -->
      </class> <!-- com.danielniko.tutorial.service.UserAccountServiceTest -->
    </test> <!-- Default test -->
  </suite> <!-- Default suite -->
</testng-results>
